2015-11-22 12:02:18[ INFO](AbstractTestContextBootstrapper.java:256) Loaded default TestExecutionListener class names from location [META-INF/spring.factories]: [org.springframework.test.context.web.ServletTestExecutionListener, org.springframework.test.context.support.DependencyInjectionTestExecutionListener, org.springframework.test.context.support.DirtiesContextTestExecutionListener, org.springframework.test.context.transaction.TransactionalTestExecutionListener, org.springframework.test.context.jdbc.SqlScriptsTestExecutionListener]
2015-11-22 12:02:18[ INFO](AbstractTestContextBootstrapper.java:182) Using TestExecutionListeners: [org.springframework.test.context.web.ServletTestExecutionListener@4b7504fb, org.springframework.test.context.support.DependencyInjectionTestExecutionListener@6f9a2170, org.springframework.test.context.support.DirtiesContextTestExecutionListener@7009794d, org.springframework.test.context.transaction.TransactionalTestExecutionListener@7dfae7b1, org.springframework.test.context.jdbc.SqlScriptsTestExecutionListener@63815614]
2015-11-22 12:02:18[ INFO](XmlBeanDefinitionReader.java:317) Loading XML bean definitions from class path resource [applicationContextwithhibernate.xml]
2015-11-22 12:02:20[ INFO](AbstractApplicationContext.java:510) Refreshing org.springframework.context.support.GenericApplicationContext@713dd1e5: startup date [Sun Nov 22 12:02:20 CST 2015]; root of context hierarchy
2015-11-22 12:02:20[ INFO](PropertiesLoaderSupport.java:172) Loading properties file from class path resource [jdbc_hibernate.properties]
2015-11-22 12:02:21[ INFO](JavaReflectionManager.java:66) HCANN000001: Hibernate Commons Annotations {4.0.4.Final}
2015-11-22 12:02:21[ INFO](Version.java:54) HHH000412: Hibernate Core {4.3.5.Final}
2015-11-22 12:02:21[ INFO](Environment.java:239) HHH000206: hibernate.properties not found
2015-11-22 12:02:21[ INFO](Environment.java:346) HHH000021: Bytecode provider name : javassist
2015-11-22 12:02:23[ INFO](Dialect.java:145) HHH000400: Using dialect: org.hibernate.dialect.MySQLDialect
2015-11-22 12:02:23[ INFO](TransactionFactoryInitiator.java:62) HHH000399: Using default transaction strategy (direct JDBC transactions)
2015-11-22 12:02:23[ INFO](ASTQueryTranslatorFactory.java:47) HHH000397: Using ASTQueryTranslatorFactory
2015-11-22 12:02:24[ INFO](MyProxy.java:29) MyProxy breforProceed()ss.
2015-11-22 12:02:24[ INFO](AbstractTestContextBootstrapper.java:256) Loaded default TestExecutionListener class names from location [META-INF/spring.factories]: [org.springframework.test.context.web.ServletTestExecutionListener, org.springframework.test.context.support.DependencyInjectionTestExecutionListener, org.springframework.test.context.support.DirtiesContextTestExecutionListener, org.springframework.test.context.transaction.TransactionalTestExecutionListener, org.springframework.test.context.jdbc.SqlScriptsTestExecutionListener]
2015-11-22 12:02:24[ INFO](AbstractTestContextBootstrapper.java:182) Using TestExecutionListeners: [org.springframework.test.context.web.ServletTestExecutionListener@454dcf50, org.springframework.test.context.support.DependencyInjectionTestExecutionListener@7765b0bb, org.springframework.test.context.support.DirtiesContextTestExecutionListener@3536023a, org.springframework.test.context.transaction.TransactionalTestExecutionListener@6ccc4920, org.springframework.test.context.jdbc.SqlScriptsTestExecutionListener@57d50bad]
2015-11-22 12:02:24[ INFO](XmlBeanDefinitionReader.java:317) Loading XML bean definitions from class path resource [applicationContextwithjdbc.xml]
2015-11-22 12:02:24[ INFO](AbstractApplicationContext.java:510) Refreshing org.springframework.context.support.GenericApplicationContext@63f1b7e7: startup date [Sun Nov 22 12:02:24 CST 2015]; root of context hierarchy
2015-11-22 12:02:25[ INFO](PropertiesLoaderSupport.java:172) Loading properties file from class path resource [jdbc.properties]
2015-11-22 12:02:25[ INFO](AbstractTestContextBootstrapper.java:256) Loaded default TestExecutionListener class names from location [META-INF/spring.factories]: [org.springframework.test.context.web.ServletTestExecutionListener, org.springframework.test.context.support.DependencyInjectionTestExecutionListener, org.springframework.test.context.support.DirtiesContextTestExecutionListener, org.springframework.test.context.transaction.TransactionalTestExecutionListener, org.springframework.test.context.jdbc.SqlScriptsTestExecutionListener]
2015-11-22 12:02:25[ INFO](AbstractTestContextBootstrapper.java:182) Using TestExecutionListeners: [org.springframework.test.context.web.ServletTestExecutionListener@56e8b93b, org.springframework.test.context.support.DependencyInjectionTestExecutionListener@48d8fd10, org.springframework.test.context.support.DirtiesContextTestExecutionListener@1dce4acd, org.springframework.test.context.transaction.TransactionalTestExecutionListener@5290e804, org.springframework.test.context.jdbc.SqlScriptsTestExecutionListener@277088f5]
2015-11-22 12:02:25[ INFO](XmlBeanDefinitionReader.java:317) Loading XML bean definitions from class path resource [applicationContextwithmybatis.xml]
2015-11-22 12:02:25[ INFO](AbstractApplicationContext.java:510) Refreshing org.springframework.context.support.GenericApplicationContext@4d2fa10d: startup date [Sun Nov 22 12:02:25 CST 2015]; root of context hierarchy
2015-11-22 12:02:25[ INFO](PropertiesLoaderSupport.java:172) Loading properties file from class path resource [jdbc.properties]
2015-11-22 12:02:26[ INFO](AbstractApplicationContext.java:862) Closing org.springframework.context.support.GenericApplicationContext@63f1b7e7: startup date [Sun Nov 22 12:02:24 CST 2015]; root of context hierarchy
2015-11-22 12:02:26[ INFO](AbstractApplicationContext.java:862) Closing org.springframework.context.support.GenericApplicationContext@4d2fa10d: startup date [Sun Nov 22 12:02:25 CST 2015]; root of context hierarchy
2015-11-22 12:02:26[ INFO](ConnectionPool.java:484) Shutting down 'proxoolPool' pool immediately [Shutdown Hook]
2015-11-22 12:02:26[ INFO](AbstractApplicationContext.java:862) Closing org.springframework.context.support.GenericApplicationContext@713dd1e5: startup date [Sun Nov 22 12:02:20 CST 2015]; root of context hierarchy
2015-11-22 12:02:26[ INFO](ConnectionPool.java:484) Shutting down 'proxoolPool2' pool immediately [Shutdown Hook]
2015-11-22 12:02:26[ INFO](PrototyperController.java:100) Stopping Prototyper thread
2015-11-22 12:02:26[ INFO](HouseKeeperController.java:107) Stopping HouseKeeper thread
2015-11-22 12:02:39[ INFO](AbstractTestContextBootstrapper.java:256) Loaded default TestExecutionListener class names from location [META-INF/spring.factories]: [org.springframework.test.context.web.ServletTestExecutionListener, org.springframework.test.context.support.DependencyInjectionTestExecutionListener, org.springframework.test.context.support.DirtiesContextTestExecutionListener, org.springframework.test.context.transaction.TransactionalTestExecutionListener, org.springframework.test.context.jdbc.SqlScriptsTestExecutionListener]
2015-11-22 12:02:39[ INFO](AbstractTestContextBootstrapper.java:182) Using TestExecutionListeners: [org.springframework.test.context.web.ServletTestExecutionListener@7009794d, org.springframework.test.context.support.DependencyInjectionTestExecutionListener@7dfae7b1, org.springframework.test.context.support.DirtiesContextTestExecutionListener@63815614, org.springframework.test.context.transaction.TransactionalTestExecutionListener@403a6e15, org.springframework.test.context.jdbc.SqlScriptsTestExecutionListener@3c1145a4]
2015-11-22 12:02:39[ INFO](XmlBeanDefinitionReader.java:317) Loading XML bean definitions from class path resource [applicationContextwithhibernate.xml]
2015-11-22 12:02:39[ INFO](AbstractApplicationContext.java:510) Refreshing org.springframework.context.support.GenericApplicationContext@119f4b78: startup date [Sun Nov 22 12:02:39 CST 2015]; root of context hierarchy
2015-11-22 12:02:39[ INFO](PropertiesLoaderSupport.java:172) Loading properties file from class path resource [jdbc_hibernate.properties]
2015-11-22 12:02:40[ INFO](JavaReflectionManager.java:66) HCANN000001: Hibernate Commons Annotations {4.0.4.Final}
2015-11-22 12:02:40[ INFO](Version.java:54) HHH000412: Hibernate Core {4.3.5.Final}
2015-11-22 12:02:40[ INFO](Environment.java:239) HHH000206: hibernate.properties not found
2015-11-22 12:02:40[ INFO](Environment.java:346) HHH000021: Bytecode provider name : javassist
2015-11-22 12:02:40[ INFO](Dialect.java:145) HHH000400: Using dialect: org.hibernate.dialect.MySQLDialect
2015-11-22 12:02:41[ INFO](TransactionFactoryInitiator.java:62) HHH000399: Using default transaction strategy (direct JDBC transactions)
2015-11-22 12:02:41[ INFO](ASTQueryTranslatorFactory.java:47) HHH000397: Using ASTQueryTranslatorFactory
2015-11-22 12:02:41[ INFO](MyProxy.java:29) MyProxy breforProceed()ss.
2015-11-22 12:02:41[ INFO](AbstractTestContextBootstrapper.java:256) Loaded default TestExecutionListener class names from location [META-INF/spring.factories]: [org.springframework.test.context.web.ServletTestExecutionListener, org.springframework.test.context.support.DependencyInjectionTestExecutionListener, org.springframework.test.context.support.DirtiesContextTestExecutionListener, org.springframework.test.context.transaction.TransactionalTestExecutionListener, org.springframework.test.context.jdbc.SqlScriptsTestExecutionListener]
2015-11-22 12:02:41[ INFO](AbstractTestContextBootstrapper.java:182) Using TestExecutionListeners: [org.springframework.test.context.web.ServletTestExecutionListener@56896ba4, org.springframework.test.context.support.DependencyInjectionTestExecutionListener@57fa085e, org.springframework.test.context.support.DirtiesContextTestExecutionListener@603b8071, org.springframework.test.context.transaction.TransactionalTestExecutionListener@626dac12, org.springframework.test.context.jdbc.SqlScriptsTestExecutionListener@e3c043a]
2015-11-22 12:02:41[ INFO](XmlBeanDefinitionReader.java:317) Loading XML bean definitions from class path resource [applicationContextwithjdbc.xml]
2015-11-22 12:02:41[ INFO](AbstractApplicationContext.java:510) Refreshing org.springframework.context.support.GenericApplicationContext@6398323: startup date [Sun Nov 22 12:02:41 CST 2015]; root of context hierarchy
2015-11-22 12:02:41[ INFO](PropertiesLoaderSupport.java:172) Loading properties file from class path resource [jdbc.properties]
2015-11-22 12:02:42[ INFO](AbstractTestContextBootstrapper.java:256) Loaded default TestExecutionListener class names from location [META-INF/spring.factories]: [org.springframework.test.context.web.ServletTestExecutionListener, org.springframework.test.context.support.DependencyInjectionTestExecutionListener, org.springframework.test.context.support.DirtiesContextTestExecutionListener, org.springframework.test.context.transaction.TransactionalTestExecutionListener, org.springframework.test.context.jdbc.SqlScriptsTestExecutionListener]
2015-11-22 12:02:42[ INFO](AbstractTestContextBootstrapper.java:182) Using TestExecutionListeners: [org.springframework.test.context.web.ServletTestExecutionListener@940cc67, org.springframework.test.context.support.DependencyInjectionTestExecutionListener@7d2b82ef, org.springframework.test.context.support.DirtiesContextTestExecutionListener@33a1591c, org.springframework.test.context.transaction.TransactionalTestExecutionListener@25e157bf, org.springframework.test.context.jdbc.SqlScriptsTestExecutionListener@6d47d006]
2015-11-22 12:02:42[ INFO](XmlBeanDefinitionReader.java:317) Loading XML bean definitions from class path resource [applicationContextwithmybatis.xml]
2015-11-22 12:02:42[ INFO](AbstractApplicationContext.java:510) Refreshing org.springframework.context.support.GenericApplicationContext@5aa71f7: startup date [Sun Nov 22 12:02:42 CST 2015]; root of context hierarchy
2015-11-22 12:02:42[ INFO](PropertiesLoaderSupport.java:172) Loading properties file from class path resource [jdbc.properties]
2015-11-22 12:02:42[ INFO](AbstractApplicationContext.java:862) Closing org.springframework.context.support.GenericApplicationContext@119f4b78: startup date [Sun Nov 22 12:02:39 CST 2015]; root of context hierarchy
2015-11-22 12:02:42[ INFO](AbstractApplicationContext.java:862) Closing org.springframework.context.support.GenericApplicationContext@6398323: startup date [Sun Nov 22 12:02:41 CST 2015]; root of context hierarchy
2015-11-22 12:02:42[ INFO](AbstractApplicationContext.java:862) Closing org.springframework.context.support.GenericApplicationContext@5aa71f7: startup date [Sun Nov 22 12:02:42 CST 2015]; root of context hierarchy
2015-11-22 12:02:42[ INFO](ConnectionPool.java:484) Shutting down 'proxoolPool2' pool immediately [Shutdown Hook]
2015-11-22 12:02:42[ INFO](ConnectionPool.java:484) Shutting down 'proxoolPool' pool immediately [Shutdown Hook]
2015-11-22 12:02:42[ INFO](PrototyperController.java:100) Stopping Prototyper thread
2015-11-22 12:02:42[ INFO](HouseKeeperController.java:107) Stopping HouseKeeper thread
2015-11-22 12:03:04[ INFO](AbstractTestContextBootstrapper.java:256) Loaded default TestExecutionListener class names from location [META-INF/spring.factories]: [org.springframework.test.context.web.ServletTestExecutionListener, org.springframework.test.context.support.DependencyInjectionTestExecutionListener, org.springframework.test.context.support.DirtiesContextTestExecutionListener, org.springframework.test.context.transaction.TransactionalTestExecutionListener, org.springframework.test.context.jdbc.SqlScriptsTestExecutionListener]
2015-11-22 12:03:04[ INFO](AbstractTestContextBootstrapper.java:182) Using TestExecutionListeners: [org.springframework.test.context.web.ServletTestExecutionListener@7009794d, org.springframework.test.context.support.DependencyInjectionTestExecutionListener@7dfae7b1, org.springframework.test.context.support.DirtiesContextTestExecutionListener@63815614, org.springframework.test.context.transaction.TransactionalTestExecutionListener@403a6e15, org.springframework.test.context.jdbc.SqlScriptsTestExecutionListener@3c1145a4]
2015-11-22 12:03:04[ INFO](XmlBeanDefinitionReader.java:317) Loading XML bean definitions from class path resource [applicationContextwithhibernate.xml]
2015-11-22 12:03:04[ INFO](AbstractApplicationContext.java:510) Refreshing org.springframework.context.support.GenericApplicationContext@119f4b78: startup date [Sun Nov 22 12:03:04 CST 2015]; root of context hierarchy
2015-11-22 12:03:04[ INFO](PropertiesLoaderSupport.java:172) Loading properties file from class path resource [jdbc_hibernate.properties]
2015-11-22 12:03:05[ INFO](JavaReflectionManager.java:66) HCANN000001: Hibernate Commons Annotations {4.0.4.Final}
2015-11-22 12:03:05[ INFO](Version.java:54) HHH000412: Hibernate Core {4.3.5.Final}
2015-11-22 12:03:05[ INFO](Environment.java:239) HHH000206: hibernate.properties not found
2015-11-22 12:03:05[ INFO](Environment.java:346) HHH000021: Bytecode provider name : javassist
2015-11-22 12:03:06[ INFO](Dialect.java:145) HHH000400: Using dialect: org.hibernate.dialect.MySQLDialect
2015-11-22 12:03:06[ INFO](TransactionFactoryInitiator.java:62) HHH000399: Using default transaction strategy (direct JDBC transactions)
2015-11-22 12:03:06[ INFO](ASTQueryTranslatorFactory.java:47) HHH000397: Using ASTQueryTranslatorFactory
2015-11-22 12:03:06[ INFO](MyProxy.java:29) MyProxy breforProceed()ss.
2015-11-22 12:03:06[ INFO](AbstractTestContextBootstrapper.java:256) Loaded default TestExecutionListener class names from location [META-INF/spring.factories]: [org.springframework.test.context.web.ServletTestExecutionListener, org.springframework.test.context.support.DependencyInjectionTestExecutionListener, org.springframework.test.context.support.DirtiesContextTestExecutionListener, org.springframework.test.context.transaction.TransactionalTestExecutionListener, org.springframework.test.context.jdbc.SqlScriptsTestExecutionListener]
2015-11-22 12:03:06[ INFO](AbstractTestContextBootstrapper.java:182) Using TestExecutionListeners: [org.springframework.test.context.web.ServletTestExecutionListener@56a2a73e, org.springframework.test.context.support.DependencyInjectionTestExecutionListener@509203e1, org.springframework.test.context.support.DirtiesContextTestExecutionListener@223cd21a, org.springframework.test.context.transaction.TransactionalTestExecutionListener@4705ba85, org.springframework.test.context.jdbc.SqlScriptsTestExecutionListener@49189630]
2015-11-22 12:03:06[ INFO](XmlBeanDefinitionReader.java:317) Loading XML bean definitions from class path resource [applicationContextwithjdbc.xml]
2015-11-22 12:03:07[ INFO](AbstractApplicationContext.java:510) Refreshing org.springframework.context.support.GenericApplicationContext@6d2c4ecd: startup date [Sun Nov 22 12:03:07 CST 2015]; root of context hierarchy
2015-11-22 12:03:07[ INFO](PropertiesLoaderSupport.java:172) Loading properties file from class path resource [jdbc.properties]
2015-11-22 12:03:07[ INFO](AbstractTestContextBootstrapper.java:256) Loaded default TestExecutionListener class names from location [META-INF/spring.factories]: [org.springframework.test.context.web.ServletTestExecutionListener, org.springframework.test.context.support.DependencyInjectionTestExecutionListener, org.springframework.test.context.support.DirtiesContextTestExecutionListener, org.springframework.test.context.transaction.TransactionalTestExecutionListener, org.springframework.test.context.jdbc.SqlScriptsTestExecutionListener]
2015-11-22 12:03:07[ INFO](AbstractTestContextBootstrapper.java:182) Using TestExecutionListeners: [org.springframework.test.context.web.ServletTestExecutionListener@603603cb, org.springframework.test.context.support.DependencyInjectionTestExecutionListener@7a3335c5, org.springframework.test.context.support.DirtiesContextTestExecutionListener@380f5730, org.springframework.test.context.transaction.TransactionalTestExecutionListener@77252d10, org.springframework.test.context.jdbc.SqlScriptsTestExecutionListener@29b1b28c]
2015-11-22 12:03:07[ INFO](XmlBeanDefinitionReader.java:317) Loading XML bean definitions from class path resource [applicationContextwithmybatis.xml]
2015-11-22 12:03:07[ INFO](AbstractApplicationContext.java:510) Refreshing org.springframework.context.support.GenericApplicationContext@51411ab6: startup date [Sun Nov 22 12:03:07 CST 2015]; root of context hierarchy
2015-11-22 12:03:07[ INFO](PropertiesLoaderSupport.java:172) Loading properties file from class path resource [jdbc.properties]
2015-11-22 12:03:08[ INFO](ConnectionPool.java:484) Shutting down 'proxoolPool' pool immediately [Shutdown Hook]
2015-11-22 12:03:08[ INFO](AbstractApplicationContext.java:862) Closing org.springframework.context.support.GenericApplicationContext@119f4b78: startup date [Sun Nov 22 12:03:04 CST 2015]; root of context hierarchy
2015-11-22 12:03:08[ INFO](AbstractApplicationContext.java:862) Closing org.springframework.context.support.GenericApplicationContext@51411ab6: startup date [Sun Nov 22 12:03:07 CST 2015]; root of context hierarchy
2015-11-22 12:03:08[ INFO](ConnectionPool.java:484) Shutting down 'proxoolPool2' pool immediately [Shutdown Hook]
2015-11-22 12:03:08[ INFO](PrototyperController.java:100) Stopping Prototyper thread
2015-11-22 12:03:08[ INFO](HouseKeeperController.java:107) Stopping HouseKeeper thread
2015-11-22 12:03:08[ INFO](AbstractApplicationContext.java:862) Closing org.springframework.context.support.GenericApplicationContext@6d2c4ecd: startup date [Sun Nov 22 12:03:07 CST 2015]; root of context hierarchy
2015-11-22 12:03:23[ INFO](AbstractTestContextBootstrapper.java:256) Loaded default TestExecutionListener class names from location [META-INF/spring.factories]: [org.springframework.test.context.web.ServletTestExecutionListener, org.springframework.test.context.support.DependencyInjectionTestExecutionListener, org.springframework.test.context.support.DirtiesContextTestExecutionListener, org.springframework.test.context.transaction.TransactionalTestExecutionListener, org.springframework.test.context.jdbc.SqlScriptsTestExecutionListener]
2015-11-22 12:03:23[ INFO](AbstractTestContextBootstrapper.java:182) Using TestExecutionListeners: [org.springframework.test.context.web.ServletTestExecutionListener@7009794d, org.springframework.test.context.support.DependencyInjectionTestExecutionListener@7dfae7b1, org.springframework.test.context.support.DirtiesContextTestExecutionListener@63815614, org.springframework.test.context.transaction.TransactionalTestExecutionListener@403a6e15, org.springframework.test.context.jdbc.SqlScriptsTestExecutionListener@3c1145a4]
2015-11-22 12:03:23[ INFO](XmlBeanDefinitionReader.java:317) Loading XML bean definitions from class path resource [applicationContextwithhibernate.xml]
2015-11-22 12:03:24[ INFO](AbstractApplicationContext.java:510) Refreshing org.springframework.context.support.GenericApplicationContext@119f4b78: startup date [Sun Nov 22 12:03:24 CST 2015]; root of context hierarchy
2015-11-22 12:03:24[ INFO](PropertiesLoaderSupport.java:172) Loading properties file from class path resource [jdbc_hibernate.properties]
2015-11-22 12:03:24[ INFO](JavaReflectionManager.java:66) HCANN000001: Hibernate Commons Annotations {4.0.4.Final}
2015-11-22 12:03:24[ INFO](Version.java:54) HHH000412: Hibernate Core {4.3.5.Final}
2015-11-22 12:03:24[ INFO](Environment.java:239) HHH000206: hibernate.properties not found
2015-11-22 12:03:24[ INFO](Environment.java:346) HHH000021: Bytecode provider name : javassist
2015-11-22 12:03:25[ INFO](Dialect.java:145) HHH000400: Using dialect: org.hibernate.dialect.MySQLDialect
2015-11-22 12:03:25[ INFO](TransactionFactoryInitiator.java:62) HHH000399: Using default transaction strategy (direct JDBC transactions)
2015-11-22 12:03:25[ INFO](ASTQueryTranslatorFactory.java:47) HHH000397: Using ASTQueryTranslatorFactory
2015-11-22 12:03:26[ INFO](MyProxy.java:29) MyProxy breforProceed()ss.
2015-11-22 12:03:26[ INFO](AbstractTestContextBootstrapper.java:256) Loaded default TestExecutionListener class names from location [META-INF/spring.factories]: [org.springframework.test.context.web.ServletTestExecutionListener, org.springframework.test.context.support.DependencyInjectionTestExecutionListener, org.springframework.test.context.support.DirtiesContextTestExecutionListener, org.springframework.test.context.transaction.TransactionalTestExecutionListener, org.springframework.test.context.jdbc.SqlScriptsTestExecutionListener]
2015-11-22 12:03:26[ INFO](AbstractTestContextBootstrapper.java:182) Using TestExecutionListeners: [org.springframework.test.context.web.ServletTestExecutionListener@57fa085e, org.springframework.test.context.support.DependencyInjectionTestExecutionListener@603b8071, org.springframework.test.context.support.DirtiesContextTestExecutionListener@626dac12, org.springframework.test.context.transaction.TransactionalTestExecutionListener@e3c043a, org.springframework.test.context.jdbc.SqlScriptsTestExecutionListener@6398323]
2015-11-22 12:03:26[ INFO](XmlBeanDefinitionReader.java:317) Loading XML bean definitions from class path resource [applicationContextwithjdbc.xml]
2015-11-22 12:03:26[ INFO](AbstractApplicationContext.java:510) Refreshing org.springframework.context.support.GenericApplicationContext@29d07206: startup date [Sun Nov 22 12:03:26 CST 2015]; root of context hierarchy
2015-11-22 12:03:26[ INFO](PropertiesLoaderSupport.java:172) Loading properties file from class path resource [jdbc.properties]
2015-11-22 12:03:26[ INFO](AbstractTestContextBootstrapper.java:256) Loaded default TestExecutionListener class names from location [META-INF/spring.factories]: [org.springframework.test.context.web.ServletTestExecutionListener, org.springframework.test.context.support.DependencyInjectionTestExecutionListener, org.springframework.test.context.support.DirtiesContextTestExecutionListener, org.springframework.test.context.transaction.TransactionalTestExecutionListener, org.springframework.test.context.jdbc.SqlScriptsTestExecutionListener]
2015-11-22 12:03:26[ INFO](AbstractTestContextBootstrapper.java:182) Using TestExecutionListeners: [org.springframework.test.context.web.ServletTestExecutionListener@7d2b82ef, org.springframework.test.context.support.DependencyInjectionTestExecutionListener@33a1591c, org.springframework.test.context.support.DirtiesContextTestExecutionListener@25e157bf, org.springframework.test.context.transaction.TransactionalTestExecutionListener@6d47d006, org.springframework.test.context.jdbc.SqlScriptsTestExecutionListener@5aa71f7]
2015-11-22 12:03:26[ INFO](XmlBeanDefinitionReader.java:317) Loading XML bean definitions from class path resource [applicationContextwithmybatis.xml]
2015-11-22 12:03:26[ INFO](AbstractApplicationContext.java:510) Refreshing org.springframework.context.support.GenericApplicationContext@79201208: startup date [Sun Nov 22 12:03:26 CST 2015]; root of context hierarchy
2015-11-22 12:03:26[ INFO](PropertiesLoaderSupport.java:172) Loading properties file from class path resource [jdbc.properties]
2015-11-22 12:03:27[ INFO](AbstractApplicationContext.java:862) Closing org.springframework.context.support.GenericApplicationContext@119f4b78: startup date [Sun Nov 22 12:03:24 CST 2015]; root of context hierarchy
2015-11-22 12:03:27[ INFO](AbstractApplicationContext.java:862) Closing org.springframework.context.support.GenericApplicationContext@29d07206: startup date [Sun Nov 22 12:03:26 CST 2015]; root of context hierarchy
2015-11-22 12:03:27[ INFO](ConnectionPool.java:484) Shutting down 'proxoolPool' pool immediately [Shutdown Hook]
2015-11-22 12:03:27[ INFO](AbstractApplicationContext.java:862) Closing org.springframework.context.support.GenericApplicationContext@79201208: startup date [Sun Nov 22 12:03:26 CST 2015]; root of context hierarchy
2015-11-22 12:03:27[ INFO](ConnectionPool.java:484) Shutting down 'proxoolPool2' pool immediately [Shutdown Hook]
2015-11-22 12:03:27[ INFO](PrototyperController.java:100) Stopping Prototyper thread
2015-11-22 12:03:27[ INFO](HouseKeeperController.java:107) Stopping HouseKeeper thread
